Thu, 03 Jun 2021 18:01:00 DEBUG    Config file loaded : config.py
Thu, 03 Jun 2021 18:01:00 DEBUG    Config file loaded : config.py
Thu, 03 Jun 2021 18:01:00 INFO     MQTT CLIENT INITIALIZE - GENERIC_MQTT.py
Thu, 03 Jun 2021 18:01:01 INFO     SUCCESFULLY CONNECTED TO MQTT BROKER- GENERIC_MQTT.py
Thu, 03 Jun 2021 18:01:01 INFO     SUCCESFULLY SEND DATA PACKET TO MQTT BROKERGENERIC_MQTT.py
Thu, 03 Jun 2021 18:01:01 INFO     SUCCESFULLY SEND DATA PACKET TO MQTT BROKERGENERIC_MQTT.py
Thu, 03 Jun 2021 18:01:01 INFO     SUCCESFULLY SEND DATA PACKET TO MQTT BROKERGENERIC_MQTT.py
Thu, 03 Jun 2021 18:01:01 INFO     SUCCESFULLY SEND DATA PACKET TO MQTT BROKERGENERIC_MQTT.py
Thu, 03 Jun 2021 18:01:01 INFO     SUCCESFULLY SEND DATA PACKET TO MQTT BROKERGENERIC_MQTT.py
Thu, 03 Jun 2021 18:01:01 INFO     SUCCESFULLY SEND DATA PACKET TO MQTT BROKERGENERIC_MQTT.py
Thu, 03 Jun 2021 18:01:01 INFO     SUCCESFULLY SEND DATA PACKET TO MQTT BROKERGENERIC_MQTT.py
Thu, 03 Jun 2021 18:01:01 INFO     SUCCESFULLY SEND DATA PACKET TO MQTT BROKERGENERIC_MQTT.py
Thu, 03 Jun 2021 18:01:01 INFO     SUCCESFULLY SEND DATA PACKET TO MQTT BROKERGENERIC_MQTT.py
Thu, 03 Jun 2021 18:01:01 INFO     SUCCESFULLY SEND DATA PACKET TO MQTT BROKERGENERIC_MQTT.py
Thu, 03 Jun 2021 18:01:06 INFO     SUCCESFULLY SEND DATA PACKET TO MQTT BROKERGENERIC_MQTT.py
Thu, 03 Jun 2021 18:01:06 INFO     SUCCESFULLY SEND DATA PACKET TO MQTT BROKERGENERIC_MQTT.py
Thu, 03 Jun 2021 18:01:06 INFO     SUCCESFULLY SEND DATA PACKET TO MQTT BROKERGENERIC_MQTT.py
Thu, 03 Jun 2021 18:01:06 INFO     SUCCESFULLY SEND DATA PACKET TO MQTT BROKERGENERIC_MQTT.py
Thu, 03 Jun 2021 18:01:06 INFO     SUCCESFULLY SEND DATA PACKET TO MQTT BROKERGENERIC_MQTT.py
Thu, 03 Jun 2021 18:01:06 INFO     SUCCESFULLY SEND DATA PACKET TO MQTT BROKERGENERIC_MQTT.py
Thu, 03 Jun 2021 18:01:06 INFO     SUCCESFULLY SEND DATA PACKET TO MQTT BROKERGENERIC_MQTT.py
Thu, 03 Jun 2021 18:01:06 INFO     SUCCESFULLY SEND DATA PACKET TO MQTT BROKERGENERIC_MQTT.py
Thu, 03 Jun 2021 18:01:06 ERROR    FAILLED TO UPDATE SYNCED DATA TO 0---1handler.py<class 'peewee.OperationalError'>
Thu, 03 Jun 2021 18:01:06 INFO     SUCCESFULLY SEND DATA PACKET TO MQTT BROKERGENERIC_MQTT.py
Thu, 03 Jun 2021 18:01:06 ERROR    FAILLED TO UPDATE SYNCED DATA TO 0---1handler.py<class 'peewee.OperationalError'>
Thu, 03 Jun 2021 18:01:06 INFO     SUCCESFULLY SEND DATA PACKET TO MQTT BROKERGENERIC_MQTT.py
Thu, 03 Jun 2021 18:01:12 INFO     SUCCESFULLY SEND DATA PACKET TO MQTT BROKERGENERIC_MQTT.py
Thu, 03 Jun 2021 18:01:12 INFO     SUCCESFULLY SEND DATA PACKET TO MQTT BROKERGENERIC_MQTT.py
Thu, 03 Jun 2021 18:01:12 INFO     SUCCESFULLY SEND DATA PACKET TO MQTT BROKERGENERIC_MQTT.py
Thu, 03 Jun 2021 18:01:12 INFO     SUCCESFULLY SEND DATA PACKET TO MQTT BROKERGENERIC_MQTT.py
Thu, 03 Jun 2021 18:01:12 INFO     SUCCESFULLY SEND DATA PACKET TO MQTT BROKERGENERIC_MQTT.py
Thu, 03 Jun 2021 18:01:12 INFO     SUCCESFULLY SEND DATA PACKET TO MQTT BROKERGENERIC_MQTT.py
Thu, 03 Jun 2021 18:01:12 INFO     SUCCESFULLY SEND DATA PACKET TO MQTT BROKERGENERIC_MQTT.py
Thu, 03 Jun 2021 18:01:12 INFO     SUCCESFULLY SEND DATA PACKET TO MQTT BROKERGENERIC_MQTT.py
Thu, 03 Jun 2021 18:01:12 INFO     SUCCESFULLY SEND DATA PACKET TO MQTT BROKERGENERIC_MQTT.py
Thu, 03 Jun 2021 18:01:12 INFO     SUCCESFULLY SEND DATA PACKET TO MQTT BROKERGENERIC_MQTT.py
Thu, 03 Jun 2021 18:01:17 INFO     SUCCESFULLY SEND DATA PACKET TO MQTT BROKERGENERIC_MQTT.py
Thu, 03 Jun 2021 18:01:17 INFO     SUCCESFULLY SEND DATA PACKET TO MQTT BROKERGENERIC_MQTT.py
Thu, 03 Jun 2021 18:01:17 INFO     SUCCESFULLY SEND DATA PACKET TO MQTT BROKERGENERIC_MQTT.py
Thu, 03 Jun 2021 18:01:17 INFO     SUCCESFULLY SEND DATA PACKET TO MQTT BROKERGENERIC_MQTT.py
Thu, 03 Jun 2021 18:01:17 INFO     SUCCESFULLY SEND DATA PACKET TO MQTT BROKERGENERIC_MQTT.py
Thu, 03 Jun 2021 18:01:17 INFO     SUCCESFULLY SEND DATA PACKET TO MQTT BROKERGENERIC_MQTT.py
Thu, 03 Jun 2021 18:01:17 INFO     SUCCESFULLY SEND DATA PACKET TO MQTT BROKERGENERIC_MQTT.py
Thu, 03 Jun 2021 18:01:17 INFO     SUCCESFULLY SEND DATA PACKET TO MQTT BROKERGENERIC_MQTT.py
Thu, 03 Jun 2021 18:01:17 INFO     SUCCESFULLY SEND DATA PACKET TO MQTT BROKERGENERIC_MQTT.py
Thu, 03 Jun 2021 18:01:17 INFO     SUCCESFULLY SEND DATA PACKET TO MQTT BROKERGENERIC_MQTT.py
Thu, 03 Jun 2021 18:01:22 INFO     SUCCESFULLY SEND DATA PACKET TO MQTT BROKERGENERIC_MQTT.py
Thu, 03 Jun 2021 18:01:22 INFO     SUCCESFULLY SEND DATA PACKET TO MQTT BROKERGENERIC_MQTT.py
Thu, 03 Jun 2021 18:01:22 INFO     SUCCESFULLY SEND DATA PACKET TO MQTT BROKERGENERIC_MQTT.py
Thu, 03 Jun 2021 18:01:22 INFO     SUCCESFULLY SEND DATA PACKET TO MQTT BROKERGENERIC_MQTT.py
Thu, 03 Jun 2021 18:01:22 INFO     SUCCESFULLY SEND DATA PACKET TO MQTT BROKERGENERIC_MQTT.py
Thu, 03 Jun 2021 18:01:22 INFO     SUCCESFULLY SEND DATA PACKET TO MQTT BROKERGENERIC_MQTT.py
Thu, 03 Jun 2021 18:01:22 INFO     SUCCESFULLY SEND DATA PACKET TO MQTT BROKERGENERIC_MQTT.py
Thu, 03 Jun 2021 18:01:22 INFO     SUCCESFULLY SEND DATA PACKET TO MQTT BROKERGENERIC_MQTT.py
Thu, 03 Jun 2021 18:01:22 INFO     SUCCESFULLY SEND DATA PACKET TO MQTT BROKERGENERIC_MQTT.py
Thu, 03 Jun 2021 18:01:22 INFO     SUCCESFULLY SEND DATA PACKET TO MQTT BROKERGENERIC_MQTT.py
Thu, 03 Jun 2021 18:01:28 INFO     SUCCESFULLY SEND DATA PACKET TO MQTT BROKERGENERIC_MQTT.py
Thu, 03 Jun 2021 18:01:28 INFO     SUCCESFULLY SEND DATA PACKET TO MQTT BROKERGENERIC_MQTT.py
Thu, 03 Jun 2021 18:01:33 INFO     SUCCESFULLY SEND DATA PACKET TO MQTT BROKERGENERIC_MQTT.py
Thu, 03 Jun 2021 18:01:33 INFO     SUCCESFULLY SEND DATA PACKET TO MQTT BROKERGENERIC_MQTT.py
Thu, 03 Jun 2021 18:01:33 INFO     SUCCESFULLY SEND DATA PACKET TO MQTT BROKERGENERIC_MQTT.py
Thu, 03 Jun 2021 18:01:33 INFO     SUCCESFULLY SEND DATA PACKET TO MQTT BROKERGENERIC_MQTT.py
Thu, 03 Jun 2021 18:01:33 INFO     SUCCESFULLY SEND DATA PACKET TO MQTT BROKERGENERIC_MQTT.py
Thu, 03 Jun 2021 18:01:33 INFO     SUCCESFULLY SEND DATA PACKET TO MQTT BROKERGENERIC_MQTT.py
Thu, 03 Jun 2021 18:01:33 INFO     SUCCESFULLY SEND DATA PACKET TO MQTT BROKERGENERIC_MQTT.py
Thu, 03 Jun 2021 18:01:33 INFO     SUCCESFULLY SEND DATA PACKET TO MQTT BROKERGENERIC_MQTT.py
Thu, 03 Jun 2021 18:01:33 INFO     SUCCESFULLY SEND DATA PACKET TO MQTT BROKERGENERIC_MQTT.py
Thu, 03 Jun 2021 18:01:33 INFO     SUCCESFULLY SEND DATA PACKET TO MQTT BROKERGENERIC_MQTT.py
Thu, 03 Jun 2021 18:01:38 INFO     SUCCESFULLY SEND DATA PACKET TO MQTT BROKERGENERIC_MQTT.py
Thu, 03 Jun 2021 18:01:38 INFO     SUCCESFULLY SEND DATA PACKET TO MQTT BROKERGENERIC_MQTT.py
Thu, 03 Jun 2021 18:01:44 INFO     SUCCESFULLY SEND DATA PACKET TO MQTT BROKERGENERIC_MQTT.py
Thu, 03 Jun 2021 18:01:44 INFO     SUCCESFULLY SEND DATA PACKET TO MQTT BROKERGENERIC_MQTT.py
Thu, 03 Jun 2021 18:01:49 INFO     SUCCESFULLY SEND DATA PACKET TO MQTT BROKERGENERIC_MQTT.py
Thu, 03 Jun 2021 18:01:49 INFO     SUCCESFULLY SEND DATA PACKET TO MQTT BROKERGENERIC_MQTT.py
Thu, 03 Jun 2021 18:01:49 INFO     SUCCESFULLY SEND DATA PACKET TO MQTT BROKERGENERIC_MQTT.py
Thu, 03 Jun 2021 18:01:49 INFO     SUCCESFULLY SEND DATA PACKET TO MQTT BROKERGENERIC_MQTT.py
Thu, 03 Jun 2021 18:01:49 INFO     SUCCESFULLY SEND DATA PACKET TO MQTT BROKERGENERIC_MQTT.py
Thu, 03 Jun 2021 18:01:49 INFO     SUCCESFULLY SEND DATA PACKET TO MQTT BROKERGENERIC_MQTT.py
Thu, 03 Jun 2021 18:01:49 INFO     SUCCESFULLY SEND DATA PACKET TO MQTT BROKERGENERIC_MQTT.py
Thu, 03 Jun 2021 18:01:49 INFO     SUCCESFULLY SEND DATA PACKET TO MQTT BROKERGENERIC_MQTT.py
Thu, 03 Jun 2021 18:01:49 INFO     SUCCESFULLY SEND DATA PACKET TO MQTT BROKERGENERIC_MQTT.py
Thu, 03 Jun 2021 18:01:49 INFO     SUCCESFULLY SEND DATA PACKET TO MQTT BROKERGENERIC_MQTT.py
Thu, 03 Jun 2021 18:01:54 INFO     SUCCESFULLY SEND DATA PACKET TO MQTT BROKERGENERIC_MQTT.py
Thu, 03 Jun 2021 18:01:54 INFO     SUCCESFULLY SEND DATA PACKET TO MQTT BROKERGENERIC_MQTT.py
Thu, 03 Jun 2021 18:01:59 INFO     SUCCESFULLY SEND DATA PACKET TO MQTT BROKERGENERIC_MQTT.py
Thu, 03 Jun 2021 18:01:59 INFO     SUCCESFULLY SEND DATA PACKET TO MQTT BROKERGENERIC_MQTT.py
Thu, 03 Jun 2021 18:01:59 INFO     SUCCESFULLY SEND DATA PACKET TO MQTT BROKERGENERIC_MQTT.py
Thu, 03 Jun 2021 18:01:59 INFO     SUCCESFULLY SEND DATA PACKET TO MQTT BROKERGENERIC_MQTT.py
Thu, 03 Jun 2021 18:01:59 INFO     SUCCESFULLY SEND DATA PACKET TO MQTT BROKERGENERIC_MQTT.py
Thu, 03 Jun 2021 18:01:59 INFO     SUCCESFULLY SEND DATA PACKET TO MQTT BROKERGENERIC_MQTT.py
Thu, 03 Jun 2021 18:01:59 INFO     SUCCESFULLY SEND DATA PACKET TO MQTT BROKERGENERIC_MQTT.py
Thu, 03 Jun 2021 18:01:59 INFO     SUCCESFULLY SEND DATA PACKET TO MQTT BROKERGENERIC_MQTT.py
Thu, 03 Jun 2021 18:01:59 INFO     SUCCESFULLY SEND DATA PACKET TO MQTT BROKERGENERIC_MQTT.py
Thu, 03 Jun 2021 18:01:59 INFO     SUCCESFULLY SEND DATA PACKET TO MQTT BROKERGENERIC_MQTT.py
Thu, 03 Jun 2021 18:02:04 INFO     SUCCESFULLY SEND DATA PACKET TO MQTT BROKERGENERIC_MQTT.py
Thu, 03 Jun 2021 18:02:04 INFO     SUCCESFULLY SEND DATA PACKET TO MQTT BROKERGENERIC_MQTT.py
Thu, 03 Jun 2021 18:02:09 INFO     SUCCESFULLY SEND DATA PACKET TO MQTT BROKERGENERIC_MQTT.py
Thu, 03 Jun 2021 18:02:09 INFO     SUCCESFULLY SEND DATA PACKET TO MQTT BROKERGENERIC_MQTT.py
Thu, 03 Jun 2021 18:02:14 INFO     SUCCESFULLY SEND DATA PACKET TO MQTT BROKERGENERIC_MQTT.py
Thu, 03 Jun 2021 18:02:14 INFO     SUCCESFULLY SEND DATA PACKET TO MQTT BROKERGENERIC_MQTT.py
Thu, 03 Jun 2021 18:02:14 INFO     SUCCESFULLY SEND DATA PACKET TO MQTT BROKERGENERIC_MQTT.py
Thu, 03 Jun 2021 18:02:14 INFO     SUCCESFULLY SEND DATA PACKET TO MQTT BROKERGENERIC_MQTT.py
Thu, 03 Jun 2021 18:02:14 INFO     SUCCESFULLY SEND DATA PACKET TO MQTT BROKERGENERIC_MQTT.py
Thu, 03 Jun 2021 18:02:14 INFO     SUCCESFULLY SEND DATA PACKET TO MQTT BROKERGENERIC_MQTT.py
Thu, 03 Jun 2021 18:02:14 INFO     SUCCESFULLY SEND DATA PACKET TO MQTT BROKERGENERIC_MQTT.py
Thu, 03 Jun 2021 18:02:14 INFO     SUCCESFULLY SEND DATA PACKET TO MQTT BROKERGENERIC_MQTT.py
Thu, 03 Jun 2021 18:02:14 INFO     SUCCESFULLY SEND DATA PACKET TO MQTT BROKERGENERIC_MQTT.py
Thu, 03 Jun 2021 18:02:14 INFO     SUCCESFULLY SEND DATA PACKET TO MQTT BROKERGENERIC_MQTT.py
Thu, 03 Jun 2021 18:02:20 INFO     SUCCESFULLY SEND DATA PACKET TO MQTT BROKERGENERIC_MQTT.py
Thu, 03 Jun 2021 18:02:20 INFO     SUCCESFULLY SEND DATA PACKET TO MQTT BROKERGENERIC_MQTT.py
Thu, 03 Jun 2021 18:02:25 INFO     SUCCESFULLY SEND DATA PACKET TO MQTT BROKERGENERIC_MQTT.py
Thu, 03 Jun 2021 18:02:25 INFO     SUCCESFULLY SEND DATA PACKET TO MQTT BROKERGENERIC_MQTT.py
Thu, 03 Jun 2021 18:02:30 INFO     SUCCESFULLY SEND DATA PACKET TO MQTT BROKERGENERIC_MQTT.py
Thu, 03 Jun 2021 18:02:30 INFO     SUCCESFULLY SEND DATA PACKET TO MQTT BROKERGENERIC_MQTT.py
Thu, 03 Jun 2021 18:02:30 INFO     SUCCESFULLY SEND DATA PACKET TO MQTT BROKERGENERIC_MQTT.py
Thu, 03 Jun 2021 18:02:30 INFO     SUCCESFULLY SEND DATA PACKET TO MQTT BROKERGENERIC_MQTT.py
Thu, 03 Jun 2021 18:02:30 INFO     SUCCESFULLY SEND DATA PACKET TO MQTT BROKERGENERIC_MQTT.py
Thu, 03 Jun 2021 18:02:30 INFO     SUCCESFULLY SEND DATA PACKET TO MQTT BROKERGENERIC_MQTT.py
Thu, 03 Jun 2021 18:02:30 INFO     SUCCESFULLY SEND DATA PACKET TO MQTT BROKERGENERIC_MQTT.py
Thu, 03 Jun 2021 18:02:30 INFO     SUCCESFULLY SEND DATA PACKET TO MQTT BROKERGENERIC_MQTT.py
Thu, 03 Jun 2021 18:02:30 INFO     SUCCESFULLY SEND DATA PACKET TO MQTT BROKERGENERIC_MQTT.py
Thu, 03 Jun 2021 18:02:30 INFO     SUCCESFULLY SEND DATA PACKET TO MQTT BROKERGENERIC_MQTT.py
Thu, 03 Jun 2021 18:02:35 INFO     SUCCESFULLY SEND DATA PACKET TO MQTT BROKERGENERIC_MQTT.py
Thu, 03 Jun 2021 18:02:35 INFO     SUCCESFULLY SEND DATA PACKET TO MQTT BROKERGENERIC_MQTT.py
Thu, 03 Jun 2021 18:02:40 INFO     SUCCESFULLY SEND DATA PACKET TO MQTT BROKERGENERIC_MQTT.py
Thu, 03 Jun 2021 18:02:40 INFO     SUCCESFULLY SEND DATA PACKET TO MQTT BROKERGENERIC_MQTT.py
Thu, 03 Jun 2021 18:02:40 INFO     SUCCESFULLY SEND DATA PACKET TO MQTT BROKERGENERIC_MQTT.py
Thu, 03 Jun 2021 18:02:40 INFO     SUCCESFULLY SEND DATA PACKET TO MQTT BROKERGENERIC_MQTT.py
Thu, 03 Jun 2021 18:02:40 INFO     SUCCESFULLY SEND DATA PACKET TO MQTT BROKERGENERIC_MQTT.py
Thu, 03 Jun 2021 18:02:40 INFO     SUCCESFULLY SEND DATA PACKET TO MQTT BROKERGENERIC_MQTT.py
Thu, 03 Jun 2021 18:02:40 INFO     SUCCESFULLY SEND DATA PACKET TO MQTT BROKERGENERIC_MQTT.py
Thu, 03 Jun 2021 18:02:40 INFO     SUCCESFULLY SEND DATA PACKET TO MQTT BROKERGENERIC_MQTT.py
Thu, 03 Jun 2021 18:02:40 INFO     SUCCESFULLY SEND DATA PACKET TO MQTT BROKERGENERIC_MQTT.py
Thu, 03 Jun 2021 18:02:40 INFO     SUCCESFULLY SEND DATA PACKET TO MQTT BROKERGENERIC_MQTT.py
Thu, 03 Jun 2021 18:02:45 INFO     SUCCESFULLY SEND DATA PACKET TO MQTT BROKERGENERIC_MQTT.py
Thu, 03 Jun 2021 18:02:45 INFO     SUCCESFULLY SEND DATA PACKET TO MQTT BROKERGENERIC_MQTT.py
Thu, 03 Jun 2021 18:02:50 INFO     SUCCESFULLY SEND DATA PACKET TO MQTT BROKERGENERIC_MQTT.py
Thu, 03 Jun 2021 18:02:50 INFO     SUCCESFULLY SEND DATA PACKET TO MQTT BROKERGENERIC_MQTT.py
Thu, 03 Jun 2021 18:02:56 INFO     SUCCESFULLY SEND DATA PACKET TO MQTT BROKERGENERIC_MQTT.py
Thu, 03 Jun 2021 18:02:56 INFO     SUCCESFULLY SEND DATA PACKET TO MQTT BROKERGENERIC_MQTT.py
Thu, 03 Jun 2021 18:02:56 INFO     SUCCESFULLY SEND DATA PACKET TO MQTT BROKERGENERIC_MQTT.py
Thu, 03 Jun 2021 18:02:56 INFO     SUCCESFULLY SEND DATA PACKET TO MQTT BROKERGENERIC_MQTT.py
Thu, 03 Jun 2021 18:02:56 INFO     SUCCESFULLY SEND DATA PACKET TO MQTT BROKERGENERIC_MQTT.py
Thu, 03 Jun 2021 18:02:56 INFO     SUCCESFULLY SEND DATA PACKET TO MQTT BROKERGENERIC_MQTT.py
Thu, 03 Jun 2021 18:02:56 INFO     SUCCESFULLY SEND DATA PACKET TO MQTT BROKERGENERIC_MQTT.py
Thu, 03 Jun 2021 18:02:56 INFO     SUCCESFULLY SEND DATA PACKET TO MQTT BROKERGENERIC_MQTT.py
Thu, 03 Jun 2021 18:02:56 INFO     SUCCESFULLY SEND DATA PACKET TO MQTT BROKERGENERIC_MQTT.py
Thu, 03 Jun 2021 18:02:56 INFO     SUCCESFULLY SEND DATA PACKET TO MQTT BROKERGENERIC_MQTT.py
Thu, 03 Jun 2021 18:03:01 INFO     SUCCESFULLY SEND DATA PACKET TO MQTT BROKERGENERIC_MQTT.py
Thu, 03 Jun 2021 18:03:01 INFO     SUCCESFULLY SEND DATA PACKET TO MQTT BROKERGENERIC_MQTT.py
Thu, 03 Jun 2021 18:03:06 INFO     SUCCESFULLY SEND DATA PACKET TO MQTT BROKERGENERIC_MQTT.py
Thu, 03 Jun 2021 18:03:06 INFO     SUCCESFULLY SEND DATA PACKET TO MQTT BROKERGENERIC_MQTT.py
Thu, 03 Jun 2021 18:03:06 INFO     SUCCESFULLY SEND DATA PACKET TO MQTT BROKERGENERIC_MQTT.py
Thu, 03 Jun 2021 18:03:06 INFO     SUCCESFULLY SEND DATA PACKET TO MQTT BROKERGENERIC_MQTT.py
Thu, 03 Jun 2021 18:03:06 INFO     SUCCESFULLY SEND DATA PACKET TO MQTT BROKERGENERIC_MQTT.py
Thu, 03 Jun 2021 18:03:06 INFO     SUCCESFULLY SEND DATA PACKET TO MQTT BROKERGENERIC_MQTT.py
Thu, 03 Jun 2021 18:03:06 INFO     SUCCESFULLY SEND DATA PACKET TO MQTT BROKERGENERIC_MQTT.py
Thu, 03 Jun 2021 18:03:06 INFO     SUCCESFULLY SEND DATA PACKET TO MQTT BROKERGENERIC_MQTT.py
Thu, 03 Jun 2021 18:03:06 INFO     SUCCESFULLY SEND DATA PACKET TO MQTT BROKERGENERIC_MQTT.py
Thu, 03 Jun 2021 18:03:06 INFO     SUCCESFULLY SEND DATA PACKET TO MQTT BROKERGENERIC_MQTT.py
Thu, 03 Jun 2021 18:03:11 INFO     SUCCESFULLY SEND DATA PACKET TO MQTT BROKERGENERIC_MQTT.py
Thu, 03 Jun 2021 18:03:11 INFO     SUCCESFULLY SEND DATA PACKET TO MQTT BROKERGENERIC_MQTT.py
Thu, 03 Jun 2021 18:03:16 INFO     SUCCESFULLY SEND DATA PACKET TO MQTT BROKERGENERIC_MQTT.py
Thu, 03 Jun 2021 18:03:16 INFO     SUCCESFULLY SEND DATA PACKET TO MQTT BROKERGENERIC_MQTT.py
Thu, 03 Jun 2021 18:03:21 INFO     SUCCESFULLY SEND DATA PACKET TO MQTT BROKERGENERIC_MQTT.py
Thu, 03 Jun 2021 18:03:21 INFO     SUCCESFULLY SEND DATA PACKET TO MQTT BROKERGENERIC_MQTT.py
Thu, 03 Jun 2021 18:03:21 INFO     SUCCESFULLY SEND DATA PACKET TO MQTT BROKERGENERIC_MQTT.py
Thu, 03 Jun 2021 18:03:21 INFO     SUCCESFULLY SEND DATA PACKET TO MQTT BROKERGENERIC_MQTT.py
Thu, 03 Jun 2021 18:03:21 INFO     SUCCESFULLY SEND DATA PACKET TO MQTT BROKERGENERIC_MQTT.py
Thu, 03 Jun 2021 18:03:21 INFO     SUCCESFULLY SEND DATA PACKET TO MQTT BROKERGENERIC_MQTT.py
Thu, 03 Jun 2021 18:03:21 INFO     SUCCESFULLY SEND DATA PACKET TO MQTT BROKERGENERIC_MQTT.py
Thu, 03 Jun 2021 18:03:21 INFO     SUCCESFULLY SEND DATA PACKET TO MQTT BROKERGENERIC_MQTT.py
Thu, 03 Jun 2021 18:03:21 INFO     SUCCESFULLY SEND DATA PACKET TO MQTT BROKERGENERIC_MQTT.py
Thu, 03 Jun 2021 18:03:21 INFO     SUCCESFULLY SEND DATA PACKET TO MQTT BROKERGENERIC_MQTT.py
Thu, 03 Jun 2021 18:03:26 INFO     SUCCESFULLY SEND DATA PACKET TO MQTT BROKERGENERIC_MQTT.py
Thu, 03 Jun 2021 18:03:26 INFO     SUCCESFULLY SEND DATA PACKET TO MQTT BROKERGENERIC_MQTT.py
Thu, 03 Jun 2021 18:03:32 INFO     SUCCESFULLY SEND DATA PACKET TO MQTT BROKERGENERIC_MQTT.py
Thu, 03 Jun 2021 18:03:32 INFO     SUCCESFULLY SEND DATA PACKET TO MQTT BROKERGENERIC_MQTT.py
